

Working Directory = /home/cadencea18/Desktop/AES/aes_new/files_rtl3gds/Cadence_design_database_45nm/Cadence_design_database_45nm/synthesis
QoS Summary for adder
==========================================================================================
Metric                          syn_opt         syn_opt1        syn_opt2        syn_opt3       
==========================================================================================
Slack (ps):                     8,186           8,186           8,186           8,186
  R2R (ps):                     8,186           8,186           8,186           8,186
  I2R (ps):                  no_value        no_value        no_value        no_value
  R2O (ps):                  no_value        no_value        no_value        no_value
  I2O (ps):                  no_value        no_value        no_value        no_value
  CG  (ps):                  no_value        no_value        no_value        no_value
TNS (ps):                           0               0               0               0
  R2R (ps):                         0               0               0               0
  I2R (ps):                  no_value        no_value        no_value        no_value
  R2O (ps):                  no_value        no_value        no_value        no_value
  I2O (ps):                  no_value        no_value        no_value        no_value
  CG  (ps):                  no_value        no_value        no_value        no_value
Failing Paths:                      0               0               0               0
Cell Area:                        176             176             176             176
Total Cell Area:                  176             176             176             176
Leaf Instances:                    34              34              34              34
Total Instances:                   34              34              34              34
Utilization (%):                 0.00            0.00            0.00            0.00
Tot. Net Length (um):        no_value        no_value        no_value        no_value
Avg. Net Length (um):        no_value        no_value        no_value        no_value
Route Overflow H (%):        no_value        no_value        no_value        no_value
Route Overflow V (%):        no_value        no_value        no_value        no_value
MBCI(%) (bits/gate) :            0.00            0.00            0.00            0.00
Norm Cong Hotspot Area:
  Max Cong:                  no_value        no_value        no_value        no_value
  Tot Cong:                  no_value        no_value        no_value        no_value
==========================================================================================
CPU  Runtime (h:m:s):        00:30:10        00:30:04        00:30:03        00:30:04
Real Runtime (h:m:s):        00:36:33        00:32:52        00:31:59        00:34:05
CPU  Elapsed (h:m:s):        00:30:12        00:30:16        00:30:19        00:30:23
Real Elapsed (h:m:s):        00:36:34        00:39:26        00:41:25        00:45:30
Memory (MB):                  1576.04         1576.15         1585.08         1576.00
==========================================================================================
==========================================================================================
Flow Settings:
==========================================================================================
Total Runtime (h:m:s): 00:45:29
Total Memory (MB):     1584.01
Executable Version:    21.10-p002_1
==========================================================================================
Total Cell Area =  Cell Area + Physical Cell Area
Total Instances =  Leaf Instances + Physical Instances


