============================================================
  Generated by:           Genus(TM) Synthesis Solution 21.10-p002_1
  Generated on:           Mar 25 2025  07:07:42 pm
  Module:                 adder
  Technology library:     slow_vdd1v0 1.0
  Operating conditions:   PVT_0P9V_125C (balanced_tree)
  Wireload mode:          enclosed
  Area mode:              timing library
============================================================

Timing
--------

Clock  Period 
--------------
clk   10000.0 


  Cost    Critical         Violating 
 Group   Path Slack  TNS     Paths   
-------------------------------------
clk          8186.5   0.0          0 
default    No paths   0.0            
-------------------------------------
Total                 0.0          0 

Instance Count
--------------
Leaf Instance Count             34 
Physical Instance count          0 
Sequential Instance Count       25 
Combinational Instance Count     9 
Hierarchical Instance Count      0 

Area
----
Cell Area                          176.130
Physical Cell Area                 0.000
Total Cell Area (Cell+Physical)    176.130
Net Area                           0.000
Total Area (Cell+Physical+Net)     176.130

Runtime                            0.0 seconds
Elapsed Runtime                    931 seconds
Genus peak memory usage            1584.01 
Innovus peak memory usage          no_value 
Hostname                           cadencea18
