###############################################################
#  Generated by:      Cadence Innovus 23.13-s082_1
#  OS:                Linux x86_64(Host ID cadencea16)
#  Generated on:      Wed Mar 26 09:58:59 2025
#  Design:            adder
#  Command:           report_timing > timingPostRoute.rpt
###############################################################
Path 1: MET Setup Check with Pin sum_reg[7]/CK 
Endpoint:   sum_reg[7]/D (^) checked with  leading edge of 'clk'
Beginpoint: t1_reg[0]/Q  (^) triggered by  leading edge of 'clk'
Path Groups: {clk}
Analysis View: setup
Other End Arrival Time         -0.000
- Setup                         0.125
+ Phase Shift                  10.000
- Uncertainty                   0.010
= Required Time                 9.865
- Arrival Time                  1.766
= Slack Time                    8.099
     Clock Rise Edge                 0.000
     + Clock Network Latency (Prop)  0.000
     = Beginpoint Arrival Time       0.000
     +------------------------------------------------------------------+ 
     |  Instance  |     Arc      |  Cell   | Delay | Arrival | Required | 
     |            |              |         |       |  Time   |   Time   | 
     |------------+--------------+---------+-------+---------+----------| 
     | t1_reg[0]  | CK ^         |         |       |   0.000 |    8.099 | 
     | t1_reg[0]  | CK ^ -> Q ^  | DFFQXL  | 0.189 |   0.190 |    8.289 | 
     | g754__1617 | B ^ -> Y ^   | AND2XL  | 0.146 |   0.336 |    8.435 | 
     | g751__6783 | CI ^ -> CO ^ | ADDFX1  | 0.211 |   0.546 |    8.645 | 
     | g749__5526 | CI ^ -> CO ^ | ADDFX1  | 0.194 |   0.740 |    8.839 | 
     | g747__8428 | CI ^ -> CO ^ | ADDFX1  | 0.190 |   0.930 |    9.028 | 
     | g745__4319 | CI ^ -> CO ^ | ADDFX1  | 0.192 |   1.122 |    9.220 | 
     | g743__6260 | CI ^ -> CO ^ | ADDFX1  | 0.193 |   1.315 |    9.413 | 
     | g741__5107 | CI ^ -> CO ^ | ADDFX1  | 0.190 |   1.505 |    9.604 | 
     | g739__2398 | CI ^ -> S ^  | ADDFX1  | 0.262 |   1.766 |    9.865 | 
     | sum_reg[7] | D ^          | DFFHQX1 | 0.000 |   1.766 |    9.865 | 
     +------------------------------------------------------------------+ 

