#! /usr/bin/vvp
:ivl_version "11.0 (stable)";
:ivl_delay_selection "TYPICAL";
:vpi_time_precision + 0;
:vpi_module "/usr/lib/x86_64-linux-gnu/ivl/system.vpi";
:vpi_module "/usr/lib/x86_64-linux-gnu/ivl/vhdl_sys.vpi";
:vpi_module "/usr/lib/x86_64-linux-gnu/ivl/vhdl_textio.vpi";
:vpi_module "/usr/lib/x86_64-linux-gnu/ivl/v2005_math.vpi";
:vpi_module "/usr/lib/x86_64-linux-gnu/ivl/va_math.vpi";
S_0x5b2978e20a20 .scope module, "adder_tb" "adder_tb" 2 1;
 .timescale 0 0;
v0x5b2978e4c3b0_0 .var "a", 7 0;
v0x5b2978e4c490_0 .var "b", 7 0;
v0x5b2978e4c560_0 .var "clk", 0 0;
v0x5b2978e4c660_0 .net "cout", 0 0, v0x5b2978e4bf60_0;  1 drivers
v0x5b2978e4c730_0 .net "sum", 7 0, v0x5b2978e4c070_0;  1 drivers
S_0x5b2978e36fa0 .scope module, "uut" "adder" 2 8, 3 1 0, S_0x5b2978e20a20;
 .timescale 0 0;
    .port_info 0 /INPUT 1 "clk";
    .port_info 1 /INPUT 8 "a";
    .port_info 2 /INPUT 8 "b";
    .port_info 3 /OUTPUT 8 "sum";
    .port_info 4 /OUTPUT 1 "cout";
v0x5b2978dfb350_0 .net "a", 7 0, v0x5b2978e4c3b0_0;  1 drivers
v0x5b2978dfbba0_0 .net "b", 7 0, v0x5b2978e4c490_0;  1 drivers
v0x5b2978e4bdd0_0 .var "cin", 0 0;
v0x5b2978e4bea0_0 .net "clk", 0 0, v0x5b2978e4c560_0;  1 drivers
v0x5b2978e4bf60_0 .var "cout", 0 0;
v0x5b2978e4c070_0 .var "sum", 7 0;
v0x5b2978e4c150_0 .var "t1", 7 0;
v0x5b2978e4c230_0 .var "t2", 7 0;
E_0x5b2978e38660 .event posedge, v0x5b2978e4bea0_0;
    .scope S_0x5b2978e36fa0;
T_0 ;
    %wait E_0x5b2978e38660;
    %load/vec4 v0x5b2978dfb350_0;
    %assign/vec4 v0x5b2978e4c150_0, 0;
    %load/vec4 v0x5b2978dfbba0_0;
    %assign/vec4 v0x5b2978e4c230_0, 0;
    %pushi/vec4 0, 0, 1;
    %assign/vec4 v0x5b2978e4bdd0_0, 0;
    %jmp T_0;
    .thread T_0;
    .scope S_0x5b2978e36fa0;
T_1 ;
    %wait E_0x5b2978e38660;
    %load/vec4 v0x5b2978e4c150_0;
    %pad/u 9;
    %load/vec4 v0x5b2978e4c230_0;
    %pad/u 9;
    %add;
    %load/vec4 v0x5b2978e4bdd0_0;
    %pad/u 9;
    %add;
    %split/vec4 8;
    %assign/vec4 v0x5b2978e4c070_0, 0;
    %assign/vec4 v0x5b2978e4bf60_0, 0;
    %jmp T_1;
    .thread T_1;
    .scope S_0x5b2978e20a20;
T_2 ;
    %vpi_call 2 18 "$dumpfile", "adder_tb.vcd" {0 0 0};
    %vpi_call 2 19 "$dumpvars", 32'sb00000000000000000000000000000000, S_0x5b2978e20a20 {0 0 0};
    %pushi/vec4 0, 0, 1;
    %store/vec4 v0x5b2978e4c560_0, 0, 1;
    %pushi/vec4 0, 0, 8;
    %store/vec4 v0x5b2978e4c3b0_0, 0, 8;
    %pushi/vec4 0, 0, 8;
    %store/vec4 v0x5b2978e4c490_0, 0, 8;
    %delay 10, 0;
    %pushi/vec4 5, 0, 8;
    %store/vec4 v0x5b2978e4c3b0_0, 0, 8;
    %pushi/vec4 10, 0, 8;
    %store/vec4 v0x5b2978e4c490_0, 0, 8;
    %delay 10, 0;
    %pushi/vec4 3, 0, 8;
    %store/vec4 v0x5b2978e4c3b0_0, 0, 8;
    %pushi/vec4 25, 0, 8;
    %store/vec4 v0x5b2978e4c490_0, 0, 8;
    %delay 10, 0;
    %pushi/vec4 240, 0, 8;
    %store/vec4 v0x5b2978e4c3b0_0, 0, 8;
    %pushi/vec4 30, 0, 8;
    %store/vec4 v0x5b2978e4c490_0, 0, 8;
    %delay 10, 0;
    %pushi/vec4 255, 0, 8;
    %store/vec4 v0x5b2978e4c3b0_0, 0, 8;
    %pushi/vec4 1, 0, 8;
    %store/vec4 v0x5b2978e4c490_0, 0, 8;
    %delay 10, 0;
    %pushi/vec4 128, 0, 8;
    %store/vec4 v0x5b2978e4c3b0_0, 0, 8;
    %pushi/vec4 127, 0, 8;
    %store/vec4 v0x5b2978e4c490_0, 0, 8;
    %delay 10, 0;
    %pushi/vec4 100, 0, 8;
    %store/vec4 v0x5b2978e4c3b0_0, 0, 8;
    %pushi/vec4 200, 0, 8;
    %store/vec4 v0x5b2978e4c490_0, 0, 8;
    %delay 10, 0;
    %pushi/vec4 50, 0, 8;
    %store/vec4 v0x5b2978e4c3b0_0, 0, 8;
    %pushi/vec4 50, 0, 8;
    %store/vec4 v0x5b2978e4c490_0, 0, 8;
    %delay 10, 0;
    %delay 30, 0;
    %vpi_call 2 31 "$finish" {0 0 0};
    %end;
    .thread T_2;
    .scope S_0x5b2978e20a20;
T_3 ;
    %delay 5, 0;
    %load/vec4 v0x5b2978e4c560_0;
    %inv;
    %store/vec4 v0x5b2978e4c560_0, 0, 1;
    %jmp T_3;
    .thread T_3;
    .scope S_0x5b2978e20a20;
T_4 ;
    %vpi_call 2 37 "$monitor", "Time: %0t | a: %d | b: %d | sum: %d | cout: %b", $time, v0x5b2978e4c3b0_0, v0x5b2978e4c490_0, v0x5b2978e4c730_0, v0x5b2978e4c660_0 {0 0 0};
    %end;
    .thread T_4;
# The file index is used to find the file name in the following table.
:file_names 4;
    "N/A";
    "<interactive>";
    "adder_tb.v";
    "adder.v";
